[2025-07-07 17:16:13] INFO: 🚀 Server running on http://localhost:3000
[2025-07-07 17:16:23] INFO: 🚀 Server running on http://localhost:3000
[2025-07-07 17:17:24] INFO: Health check pinged
[2025-07-07 17:18:14] INFO: 🚀 Server running on http://localhost:3000
[2025-07-07 17:18:15] INFO: 🚀 Server running on http://localhost:3000
[2025-07-07 17:18:41] INFO: 🚀 Server running on http://localhost:3000
[2025-07-07 17:18:44] INFO: 🚀 Server running on http://localhost:3000
[2025-07-07 17:19:03] INFO: 🚀 Server running on http://localhost:3000
[2025-07-07 17:19:04] INFO: 🚀 Server running on http://localhost:3000
[2025-07-07 17:19:15] INFO: 🚀 Server running on http://localhost:3000
[2025-07-07 17:19:19] INFO: 🚀 Server running on http://localhost:3000
[2025-07-07 18:41:42] INFO: 🚀 Server running on http://localhost:3000
[2025-07-07 18:46:55] INFO: 🚀 Server running on http://localhost:3000
[2025-07-07 18:47:45] INFO: 📦 MongoDB Connected: localhost
[2025-07-07 18:47:45] INFO: 🚀 Server running on http://localhost:3000
[2025-07-07 18:47:48] INFO: 📦 MongoDB Connected: localhost
[2025-07-07 18:47:48] INFO: 🚀 Server running on http://localhost:3000
[2025-07-07 18:49:47] INFO: GET /api/health
[2025-07-07 18:49:47] INFO: Health check pinged
[2025-07-07 18:50:23] INFO: GET /api/users
[2025-07-07 18:57:15] INFO: 📦 MongoDB Connected: localhost
[2025-07-07 18:57:15] INFO: 🚀 Server running on http://localhost:3000
[2025-07-07 18:57:37] INFO: POST /api/users
[2025-07-07 18:58:40] INFO: GET /api/users
[2025-07-07 18:59:03] INFO: POST /api/users
[2025-07-07 19:00:26] INFO: 📦 MongoDB Connected: localhost
[2025-07-07 19:00:26] INFO: 🚀 Server running on http://localhost:3000
[2025-07-07 19:00:31] INFO: GET /api/users
[2025-07-07 19:00:38] INFO: POST /api/users
[2025-07-07 19:00:54] INFO: POST /api/users
[2025-07-07 19:00:58] INFO: GET /api/users
[2025-07-07 19:03:44] INFO: GET /api/users
[2025-07-07 19:03:53] INFO: GET /api/users
